<?xml version="1.0" encoding="UTF-8"?>
<testng-results ignored="0" total="1" passed="1" failed="0" skipped="0">
  <reporter-output>
  </reporter-output>
  <suite started-at="2025-07-01T18:16:32 IST" name="Default suite" finished-at="2025-07-01T18:16:56 IST" duration-ms="23689">
    <groups>
    </groups>
    <test started-at="2025-07-01T18:16:32 IST" name="Default test" finished-at="2025-07-01T18:16:56 IST" duration-ms="23689">
      <class name="post_bypojo">
        <test-method signature="bypojo()[pri:0, instance:post_bypojo@34a3d150]" started-at="2025-07-01T18:16:32 IST" name="bypojo" finished-at="2025-07-01T18:16:56 IST" duration-ms="23652" status="PASS">
          <reporter-output>
          </reporter-output>
        </test-method> <!-- bypojo -->
      </class> <!-- post_bypojo -->
    </test> <!-- Default test -->
  </suite> <!-- Default suite -->
</testng-results>
